<?xml version="1.0" encoding="UTF-8"?>
<testsuite xmlns:xsi="http://www.w3.org/2001/XMLSchema-instance" xsi:noNamespaceSchemaLocation="https://maven.apache.org/surefire/maven-surefire-plugin/xsd/surefire-test-report.xsd" version="3.0.2" name="kp.resource.server.a.controllers.DocumentControllerTests" time="5.113" tests="20" errors="0" skipped="0" failures="0">
  <properties>
[...]
</properties>
  <testcase name="shouldGetDocument(String, String)[1]" classname="kp.resource.server.a.controllers.DocumentControllerTests" time="0.258">
    <system-out><![CDATA[14:35:02.887 INFO  org.springframework.test.context.support.AnnotationConfigContextLoaderUtils Could not detect default configuration classes for test class [kp.resource.server.a.controllers.DocumentControllerTests]: DocumentControllerTests does not declare any static, non-private, non-final, nested classes annotated with @Configuration.
14:35:03.059 INFO  org.springframework.boot.test.context.SpringBootTestContextBootstrapper Found @SpringBootConfiguration kp.resource.server.a.Application for test class kp.resource.server.a.controllers.DocumentControllerTests
&amp#27;[95m████████████████████████████████████████████████████████████████████████████████
&amp#27;[95m████████████████████████████████████████████████████████████▌&amp#27;[39mRESOURCE SERVER A&amp#27;[95m▐█
&amp#27;[95m████████████████████████████████████████████████████████████████████████████████&amp#27;[39m
14:35:03.650 INFO  kp.resource.server.a.controllers.DocumentControllerTests Starting DocumentControllerTests using Java 24 with PID 4300 (started by KP in C:\1_workspace\Study23\resource-server-a)
14:35:03.651 INFO  kp.resource.server.a.controllers.DocumentControllerTests The following 1 profile is active: "local"
14:35:05.960 INFO  org.springframework.boot.web.embedded.tomcat.TomcatWebServer Tomcat initialized with port 0 (http)
14:35:05.982 INFO  org.apache.coyote.http11.Http11NioProtocol Initializing ProtocolHandler ["http-nio-auto-1"]
14:35:05.984 INFO  org.apache.catalina.core.StandardService Starting service [Tomcat]
14:35:05.984 INFO  org.apache.catalina.core.StandardEngine Starting Servlet engine: [Apache Tomcat/10.1.39]
14:35:06.045 INFO  org.apache.catalina.core.ContainerBase.[Tomcat].[localhost].[/] Initializing Spring embedded WebApplicationContext
14:35:06.046 INFO  org.springframework.boot.web.servlet.context.ServletWebServerApplicationContext Root WebApplicationContext: initialization completed in 2376 ms
14:35:07.118 INFO  org.apache.catalina.core.ContainerBase.[Tomcat].[localhost].[/] Initializing Spring TestDispatcherServlet ''
14:35:07.118 INFO  org.springframework.test.web.servlet.TestDispatcherServlet Initializing Servlet ''
14:35:07.119 INFO  org.springframework.test.web.servlet.TestDispatcherServlet Completed initialization in 1 ms
14:35:07.162 INFO  org.apache.coyote.http11.Http11NioProtocol Starting ProtocolHandler ["http-nio-auto-1"]
14:35:07.176 INFO  org.springframework.boot.web.embedded.tomcat.TomcatWebServer Tomcat started on port 59132 (http) with context path '/'
14:35:07.186 INFO  kp.resource.server.a.controllers.DocumentControllerTests Started DocumentControllerTests in 3.924 seconds (process running for 5.267)
14:35:07.406 INFO  kp.resource.server.a.controllers.DocumentController getOfficialDocument():
14:35:07.434 INFO  kp.resource.server.a.controllers.DocumentControllerTests shouldGetDocument(): classificationLevel[official], role[ROLE_OFFICIAL]
]]></system-out>
    <system-err><![CDATA[Mockito is currently self-attaching to enable the inline-mock-maker. This will no longer work in future releases of the JDK. Please add Mockito as an agent to your build what is described in Mockito's documentation: https://javadoc.io/doc/org.mockito/mockito-core/latest/org/mockito/Mockito.html#0.3
WARNING: A Java agent has been loaded dynamically (D:\MavenRepository\net\bytebuddy\byte-buddy-agent\1.15.11\byte-buddy-agent-1.15.11.jar)
WARNING: If a serviceability tool is in use, please run with -XX:+EnableDynamicAgentLoading to hide this warning
WARNING: If a serviceability tool is not in use, please run with -Djdk.instrument.traceUsage for more information
WARNING: Dynamic loading of agents will be disallowed by default in a future release
]]></system-err>
  </testcase>
  <testcase name="shouldGetDocument(String, String)[2]" classname="kp.resource.server.a.controllers.DocumentControllerTests" time="0.011">
    <system-out><![CDATA[14:35:07.465 INFO  kp.resource.server.a.controllers.DocumentController getRestrictedDocument():
14:35:07.467 INFO  kp.resource.server.a.controllers.DocumentControllerTests shouldGetDocument(): classificationLevel[restricted], role[ROLE_RESTRICTED]
]]></system-out>
  </testcase>
  <testcase name="shouldGetDocument(String, String)[3]" classname="kp.resource.server.a.controllers.DocumentControllerTests" time="0.01">
    <system-out><![CDATA[14:35:07.477 INFO  kp.resource.server.a.controllers.DocumentController getConfidentialDocument():
14:35:07.479 INFO  kp.resource.server.a.controllers.DocumentControllerTests shouldGetDocument(): classificationLevel[confidential], role[ROLE_CONFIDENTIAL]
]]></system-out>
  </testcase>
  <testcase name="shouldGetDocument(String, String)[4]" classname="kp.resource.server.a.controllers.DocumentControllerTests" time="0.01">
    <system-out><![CDATA[14:35:07.489 INFO  kp.resource.server.a.controllers.DocumentController getSecretDocument():
14:35:07.491 INFO  kp.resource.server.a.controllers.DocumentControllerTests shouldGetDocument(): classificationLevel[secret], role[ROLE_SECRET]
]]></system-out>
  </testcase>
  <testcase name="shouldNotGetDocumentWhenNoRoleProvided(String)[1]" classname="kp.resource.server.a.controllers.DocumentControllerTests" time="0.016">
    <system-out><![CDATA[14:35:07.513 INFO  kp.resource.server.a.controllers.DocumentControllerTests shouldNotGetDocumentWhenNoRoleProvided(): classificationLevel[official]
]]></system-out>
  </testcase>
  <testcase name="shouldNotGetDocumentWhenNoRoleProvided(String)[2]" classname="kp.resource.server.a.controllers.DocumentControllerTests" time="0.008">
    <system-out><![CDATA[14:35:07.523 INFO  kp.resource.server.a.controllers.DocumentControllerTests shouldNotGetDocumentWhenNoRoleProvided(): classificationLevel[restricted]
]]></system-out>
  </testcase>
  <testcase name="shouldNotGetDocumentWhenNoRoleProvided(String)[3]" classname="kp.resource.server.a.controllers.DocumentControllerTests" time="0.007">
    <system-out><![CDATA[14:35:07.533 INFO  kp.resource.server.a.controllers.DocumentControllerTests shouldNotGetDocumentWhenNoRoleProvided(): classificationLevel[confidential]
]]></system-out>
  </testcase>
  <testcase name="shouldNotGetDocumentWhenNoRoleProvided(String)[4]" classname="kp.resource.server.a.controllers.DocumentControllerTests" time="0.007">
    <system-out><![CDATA[14:35:07.542 INFO  kp.resource.server.a.controllers.DocumentControllerTests shouldNotGetDocumentWhenNoRoleProvided(): classificationLevel[secret]
]]></system-out>
  </testcase>
  <testcase name="shouldNotGetDocumentWhenIncorrectRoleProvided(String, String)[1]" classname="kp.resource.server.a.controllers.DocumentControllerTests" time="0.007">
    <system-out><![CDATA[14:35:07.553 INFO  kp.resource.server.a.controllers.DocumentControllerTests shouldNotGetDocumentWhenIncorrectRoleProvided(): classificationLevel[official], role[ROLE_RESTRICTED]
]]></system-out>
  </testcase>
  <testcase name="shouldNotGetDocumentWhenIncorrectRoleProvided(String, String)[2]" classname="kp.resource.server.a.controllers.DocumentControllerTests" time="0.009">
    <system-out><![CDATA[14:35:07.564 INFO  kp.resource.server.a.controllers.DocumentControllerTests shouldNotGetDocumentWhenIncorrectRoleProvided(): classificationLevel[official], role[ROLE_CONFIDENTIAL]
]]></system-out>
  </testcase>
  <testcase name="shouldNotGetDocumentWhenIncorrectRoleProvided(String, String)[3]" classname="kp.resource.server.a.controllers.DocumentControllerTests" time="0.006">
    <system-out><![CDATA[14:35:07.573 INFO  kp.resource.server.a.controllers.DocumentControllerTests shouldNotGetDocumentWhenIncorrectRoleProvided(): classificationLevel[official], role[ROLE_SECRET]
]]></system-out>
  </testcase>
  <testcase name="shouldNotGetDocumentWhenIncorrectRoleProvided(String, String)[4]" classname="kp.resource.server.a.controllers.DocumentControllerTests" time="0.008">
    <system-out><![CDATA[14:35:07.581 INFO  kp.resource.server.a.controllers.DocumentControllerTests shouldNotGetDocumentWhenIncorrectRoleProvided(): classificationLevel[restricted], role[ROLE_OFFICIAL]
]]></system-out>
  </testcase>
  <testcase name="shouldNotGetDocumentWhenIncorrectRoleProvided(String, String)[5]" classname="kp.resource.server.a.controllers.DocumentControllerTests" time="0.007">
    <system-out><![CDATA[14:35:07.592 INFO  kp.resource.server.a.controllers.DocumentControllerTests shouldNotGetDocumentWhenIncorrectRoleProvided(): classificationLevel[restricted], role[ROLE_CONFIDENTIAL]
]]></system-out>
  </testcase>
  <testcase name="shouldNotGetDocumentWhenIncorrectRoleProvided(String, String)[6]" classname="kp.resource.server.a.controllers.DocumentControllerTests" time="0.007">
    <system-out><![CDATA[14:35:07.602 INFO  kp.resource.server.a.controllers.DocumentControllerTests shouldNotGetDocumentWhenIncorrectRoleProvided(): classificationLevel[restricted], role[ROLE_SECRET]
]]></system-out>
  </testcase>
  <testcase name="shouldNotGetDocumentWhenIncorrectRoleProvided(String, String)[7]" classname="kp.resource.server.a.controllers.DocumentControllerTests" time="0.008">
    <system-out><![CDATA[14:35:07.610 INFO  kp.resource.server.a.controllers.DocumentControllerTests shouldNotGetDocumentWhenIncorrectRoleProvided(): classificationLevel[confidential], role[ROLE_OFFICIAL]
]]></system-out>
  </testcase>
  <testcase name="shouldNotGetDocumentWhenIncorrectRoleProvided(String, String)[8]" classname="kp.resource.server.a.controllers.DocumentControllerTests" time="0.008">
    <system-out><![CDATA[14:35:07.621 INFO  kp.resource.server.a.controllers.DocumentControllerTests shouldNotGetDocumentWhenIncorrectRoleProvided(): classificationLevel[confidential], role[ROLE_RESTRICTED]
]]></system-out>
  </testcase>
  <testcase name="shouldNotGetDocumentWhenIncorrectRoleProvided(String, String)[9]" classname="kp.resource.server.a.controllers.DocumentControllerTests" time="0.01">
    <system-out><![CDATA[14:35:07.632 INFO  kp.resource.server.a.controllers.DocumentControllerTests shouldNotGetDocumentWhenIncorrectRoleProvided(): classificationLevel[confidential], role[ROLE_SECRET]
]]></system-out>
  </testcase>
  <testcase name="shouldNotGetDocumentWhenIncorrectRoleProvided(String, String)[10]" classname="kp.resource.server.a.controllers.DocumentControllerTests" time="0.007">
    <system-out><![CDATA[14:35:07.643 INFO  kp.resource.server.a.controllers.DocumentControllerTests shouldNotGetDocumentWhenIncorrectRoleProvided(): classificationLevel[secret], role[ROLE_OFFICIAL]
]]></system-out>
  </testcase>
  <testcase name="shouldNotGetDocumentWhenIncorrectRoleProvided(String, String)[11]" classname="kp.resource.server.a.controllers.DocumentControllerTests" time="0.009">
    <system-out><![CDATA[14:35:07.653 INFO  kp.resource.server.a.controllers.DocumentControllerTests shouldNotGetDocumentWhenIncorrectRoleProvided(): classificationLevel[secret], role[ROLE_RESTRICTED]
]]></system-out>
  </testcase>
  <testcase name="shouldNotGetDocumentWhenIncorrectRoleProvided(String, String)[12]" classname="kp.resource.server.a.controllers.DocumentControllerTests" time="0.009">
    <system-out><![CDATA[14:35:07.664 INFO  kp.resource.server.a.controllers.DocumentControllerTests shouldNotGetDocumentWhenIncorrectRoleProvided(): classificationLevel[secret], role[ROLE_CONFIDENTIAL]
]]></system-out>
  </testcase>
</testsuite>