<?xml version="1.0" encoding="UTF-8"?>
<testsuite xmlns:xsi="http://www.w3.org/2001/XMLSchema-instance" xsi:noNamespaceSchemaLocation="https://maven.apache.org/surefire/maven-surefire-plugin/xsd/surefire-test-report.xsd" version="3.0.2" name="kp.resource.server.b.controllers.DocumentControllerTests" time="4.841" tests="20" errors="0" skipped="0" failures="0">
  <properties>
[...]
</properties>
  <testcase name="shouldGetDocument(String, String)[1]" classname="kp.resource.server.b.controllers.DocumentControllerTests" time="0.897">
    <system-out><![CDATA[14:35:10.253 INFO  org.springframework.test.context.support.AnnotationConfigContextLoaderUtils Could not detect default configuration classes for test class [kp.resource.server.b.controllers.DocumentControllerTests]: DocumentControllerTests does not declare any static, non-private, non-final, nested classes annotated with @Configuration.
14:35:10.420 INFO  org.springframework.boot.test.context.SpringBootTestContextBootstrapper Found @SpringBootConfiguration kp.resource.server.b.Application for test class kp.resource.server.b.controllers.DocumentControllerTests
&amp#27;[93m████████████████████████████████████████████████████████████████████████████████
&amp#27;[93m████████████████████████████████████████████████████████████▌&amp#27;[39mRESOURCE SERVER B&amp#27;[93m▐█
&amp#27;[93m████████████████████████████████████████████████████████████████████████████████&amp#27;[39m
14:35:11.087 INFO  kp.resource.server.b.controllers.DocumentControllerTests Starting DocumentControllerTests using Java 24 with PID 14468 (started by KP in C:\1_workspace\Study23\resource-server-b)
14:35:11.088 INFO  kp.resource.server.b.controllers.DocumentControllerTests The following 1 profile is active: "local"
14:35:12.431 INFO  org.springframework.boot.web.embedded.tomcat.TomcatWebServer Tomcat initialized with port 0 (http)
14:35:12.455 INFO  org.apache.coyote.http11.Http11NioProtocol Initializing ProtocolHandler ["http-nio-auto-1"]
14:35:12.457 INFO  org.apache.catalina.core.StandardService Starting service [Tomcat]
14:35:12.458 INFO  org.apache.catalina.core.StandardEngine Starting Servlet engine: [Apache Tomcat/10.1.39]
14:35:12.514 INFO  org.apache.catalina.core.ContainerBase.[Tomcat].[localhost].[/] Initializing Spring embedded WebApplicationContext
14:35:12.514 INFO  org.springframework.boot.web.servlet.context.ServletWebServerApplicationContext Root WebApplicationContext: initialization completed in 1400 ms
14:35:13.467 INFO  org.apache.catalina.core.ContainerBase.[Tomcat].[localhost].[/] Initializing Spring TestDispatcherServlet ''
14:35:13.467 INFO  org.springframework.test.web.servlet.TestDispatcherServlet Initializing Servlet ''
14:35:13.469 INFO  org.springframework.test.web.servlet.TestDispatcherServlet Completed initialization in 1 ms
14:35:13.632 INFO  org.apache.coyote.http11.Http11NioProtocol Starting ProtocolHandler ["http-nio-auto-1"]
14:35:13.645 INFO  org.springframework.boot.web.embedded.tomcat.TomcatWebServer Tomcat started on port 59137 (http) with context path '/'
14:35:13.655 INFO  kp.resource.server.b.controllers.DocumentControllerTests Started DocumentControllerTests in 2.959 seconds (process running for 4.392)
14:35:14.511 INFO  kp.resource.server.b.controllers.DocumentController getOfficialDocument(): document[The official information.]
14:35:14.541 INFO  kp.resource.server.b.controllers.DocumentControllerTests shouldGetDocument(): classificationLevel[official], role[ROLE_OFFICIAL]
]]></system-out>
    <system-err><![CDATA[Mockito is currently self-attaching to enable the inline-mock-maker. This will no longer work in future releases of the JDK. Please add Mockito as an agent to your build what is described in Mockito's documentation: https://javadoc.io/doc/org.mockito/mockito-core/latest/org/mockito/Mockito.html#0.3
WARNING: A Java agent has been loaded dynamically (D:\MavenRepository\net\bytebuddy\byte-buddy-agent\1.15.11\byte-buddy-agent-1.15.11.jar)
WARNING: If a serviceability tool is in use, please run with -XX:+EnableDynamicAgentLoading to hide this warning
WARNING: If a serviceability tool is not in use, please run with -Djdk.instrument.traceUsage for more information
WARNING: Dynamic loading of agents will be disallowed by default in a future release
]]></system-err>
  </testcase>
  <testcase name="shouldGetDocument(String, String)[2]" classname="kp.resource.server.b.controllers.DocumentControllerTests" time="0.01">
    <system-out><![CDATA[14:35:14.569 INFO  kp.resource.server.b.controllers.DocumentController getRestrictedDocument(): document[The restricted information.]
14:35:14.571 INFO  kp.resource.server.b.controllers.DocumentControllerTests shouldGetDocument(): classificationLevel[restricted], role[ROLE_RESTRICTED]
]]></system-out>
  </testcase>
  <testcase name="shouldGetDocument(String, String)[3]" classname="kp.resource.server.b.controllers.DocumentControllerTests" time="0.009">
    <system-out><![CDATA[14:35:14.581 INFO  kp.resource.server.b.controllers.DocumentController getConfidentialDocument(): document[The confidential information.]
14:35:14.582 INFO  kp.resource.server.b.controllers.DocumentControllerTests shouldGetDocument(): classificationLevel[confidential], role[ROLE_CONFIDENTIAL]
]]></system-out>
  </testcase>
  <testcase name="shouldGetDocument(String, String)[4]" classname="kp.resource.server.b.controllers.DocumentControllerTests" time="0.01">
    <system-out><![CDATA[14:35:14.593 INFO  kp.resource.server.b.controllers.DocumentController getSecretDocument(): document[The secret information.]
14:35:14.595 INFO  kp.resource.server.b.controllers.DocumentControllerTests shouldGetDocument(): classificationLevel[secret], role[ROLE_SECRET]
]]></system-out>
  </testcase>
  <testcase name="shouldNotGetDocumentWhenNoRoleProvided(String)[1]" classname="kp.resource.server.b.controllers.DocumentControllerTests" time="0.011">
    <system-out><![CDATA[14:35:14.611 INFO  kp.resource.server.b.controllers.DocumentControllerTests shouldNotGetDocumentWhenNoRoleProvided(): classificationLevel[official]
]]></system-out>
  </testcase>
  <testcase name="shouldNotGetDocumentWhenNoRoleProvided(String)[2]" classname="kp.resource.server.b.controllers.DocumentControllerTests" time="0.01">
    <system-out><![CDATA[14:35:14.621 INFO  kp.resource.server.b.controllers.DocumentControllerTests shouldNotGetDocumentWhenNoRoleProvided(): classificationLevel[restricted]
]]></system-out>
  </testcase>
  <testcase name="shouldNotGetDocumentWhenNoRoleProvided(String)[3]" classname="kp.resource.server.b.controllers.DocumentControllerTests" time="0.009">
    <system-out><![CDATA[14:35:14.632 INFO  kp.resource.server.b.controllers.DocumentControllerTests shouldNotGetDocumentWhenNoRoleProvided(): classificationLevel[confidential]
]]></system-out>
  </testcase>
  <testcase name="shouldNotGetDocumentWhenNoRoleProvided(String)[4]" classname="kp.resource.server.b.controllers.DocumentControllerTests" time="0.006">
    <system-out><![CDATA[14:35:14.642 INFO  kp.resource.server.b.controllers.DocumentControllerTests shouldNotGetDocumentWhenNoRoleProvided(): classificationLevel[secret]
]]></system-out>
  </testcase>
  <testcase name="shouldNotGetDocumentWhenIncorrectRoleProvided(String, String)[1]" classname="kp.resource.server.b.controllers.DocumentControllerTests" time="0.005">
    <system-out><![CDATA[14:35:14.651 INFO  kp.resource.server.b.controllers.DocumentControllerTests shouldNotGetDocumentWhenIncorrectRoleProvided(): classificationLevel[official], role[ROLE_RESTRICTED]
]]></system-out>
  </testcase>
  <testcase name="shouldNotGetDocumentWhenIncorrectRoleProvided(String, String)[2]" classname="kp.resource.server.b.controllers.DocumentControllerTests" time="0.009">
    <system-out><![CDATA[14:35:14.660 INFO  kp.resource.server.b.controllers.DocumentControllerTests shouldNotGetDocumentWhenIncorrectRoleProvided(): classificationLevel[official], role[ROLE_CONFIDENTIAL]
]]></system-out>
  </testcase>
  <testcase name="shouldNotGetDocumentWhenIncorrectRoleProvided(String, String)[3]" classname="kp.resource.server.b.controllers.DocumentControllerTests" time="0.01">
    <system-out><![CDATA[14:35:14.672 INFO  kp.resource.server.b.controllers.DocumentControllerTests shouldNotGetDocumentWhenIncorrectRoleProvided(): classificationLevel[official], role[ROLE_SECRET]
]]></system-out>
  </testcase>
  <testcase name="shouldNotGetDocumentWhenIncorrectRoleProvided(String, String)[4]" classname="kp.resource.server.b.controllers.DocumentControllerTests" time="0.007">
    <system-out><![CDATA[14:35:14.683 INFO  kp.resource.server.b.controllers.DocumentControllerTests shouldNotGetDocumentWhenIncorrectRoleProvided(): classificationLevel[restricted], role[ROLE_OFFICIAL]
]]></system-out>
  </testcase>
  <testcase name="shouldNotGetDocumentWhenIncorrectRoleProvided(String, String)[5]" classname="kp.resource.server.b.controllers.DocumentControllerTests" time="0.008">
    <system-out><![CDATA[14:35:14.692 INFO  kp.resource.server.b.controllers.DocumentControllerTests shouldNotGetDocumentWhenIncorrectRoleProvided(): classificationLevel[restricted], role[ROLE_CONFIDENTIAL]
]]></system-out>
  </testcase>
  <testcase name="shouldNotGetDocumentWhenIncorrectRoleProvided(String, String)[6]" classname="kp.resource.server.b.controllers.DocumentControllerTests" time="0.006">
    <system-out><![CDATA[14:35:14.699 INFO  kp.resource.server.b.controllers.DocumentControllerTests shouldNotGetDocumentWhenIncorrectRoleProvided(): classificationLevel[restricted], role[ROLE_SECRET]
]]></system-out>
  </testcase>
  <testcase name="shouldNotGetDocumentWhenIncorrectRoleProvided(String, String)[7]" classname="kp.resource.server.b.controllers.DocumentControllerTests" time="0.006">
    <system-out><![CDATA[14:35:14.706 INFO  kp.resource.server.b.controllers.DocumentControllerTests shouldNotGetDocumentWhenIncorrectRoleProvided(): classificationLevel[confidential], role[ROLE_OFFICIAL]
]]></system-out>
  </testcase>
  <testcase name="shouldNotGetDocumentWhenIncorrectRoleProvided(String, String)[8]" classname="kp.resource.server.b.controllers.DocumentControllerTests" time="0.006">
    <system-out><![CDATA[14:35:14.713 INFO  kp.resource.server.b.controllers.DocumentControllerTests shouldNotGetDocumentWhenIncorrectRoleProvided(): classificationLevel[confidential], role[ROLE_RESTRICTED]
]]></system-out>
  </testcase>
  <testcase name="shouldNotGetDocumentWhenIncorrectRoleProvided(String, String)[9]" classname="kp.resource.server.b.controllers.DocumentControllerTests" time="0.006">
    <system-out><![CDATA[14:35:14.720 INFO  kp.resource.server.b.controllers.DocumentControllerTests shouldNotGetDocumentWhenIncorrectRoleProvided(): classificationLevel[confidential], role[ROLE_SECRET]
]]></system-out>
  </testcase>
  <testcase name="shouldNotGetDocumentWhenIncorrectRoleProvided(String, String)[10]" classname="kp.resource.server.b.controllers.DocumentControllerTests" time="0.006">
    <system-out><![CDATA[14:35:14.728 INFO  kp.resource.server.b.controllers.DocumentControllerTests shouldNotGetDocumentWhenIncorrectRoleProvided(): classificationLevel[secret], role[ROLE_OFFICIAL]
]]></system-out>
  </testcase>
  <testcase name="shouldNotGetDocumentWhenIncorrectRoleProvided(String, String)[11]" classname="kp.resource.server.b.controllers.DocumentControllerTests" time="0.007">
    <system-out><![CDATA[14:35:14.735 INFO  kp.resource.server.b.controllers.DocumentControllerTests shouldNotGetDocumentWhenIncorrectRoleProvided(): classificationLevel[secret], role[ROLE_RESTRICTED]
]]></system-out>
  </testcase>
  <testcase name="shouldNotGetDocumentWhenIncorrectRoleProvided(String, String)[12]" classname="kp.resource.server.b.controllers.DocumentControllerTests" time="0.005">
    <system-out><![CDATA[14:35:14.742 INFO  kp.resource.server.b.controllers.DocumentControllerTests shouldNotGetDocumentWhenIncorrectRoleProvided(): classificationLevel[secret], role[ROLE_CONFIDENTIAL]
]]></system-out>
  </testcase>
</testsuite>