<?xml version="1.0" encoding="UTF-8"?>
<testsuite xmlns:xsi="http://www.w3.org/2001/XMLSchema-instance" xsi:noNamespaceSchemaLocation="https://maven.apache.org/surefire/maven-surefire-plugin/xsd/surefire-test-report.xsd" version="3.0.2" name="kp.gateway.GatewayTests" time="48.556" tests="3" errors="0" skipped="0" failures="0">
  <properties>
[...]
</properties>
  <testcase name="shouldRedirectToLoginPage" classname="kp.gateway.GatewayTests" time="1.041">
    <system-out><![CDATA[14:34:09.195 INFO  org.springframework.test.context.support.AnnotationConfigContextLoaderUtils Could not detect default configuration classes for test class [kp.gateway.GatewayTests]: GatewayTests does not declare any static, non-private, non-final, nested classes annotated with @Configuration.
14:34:09.352 INFO  org.springframework.boot.test.context.SpringBootTestContextBootstrapper Found @SpringBootConfiguration kp.gateway.Application for test class kp.gateway.GatewayTests
14:34:09.500 INFO  org.testcontainers.images.PullPolicy Image pull policy will be performed by: DefaultPullPolicy()
14:34:09.504 INFO  org.testcontainers.utility.ImageNameSubstitutor Image name substitution will be performed by: DefaultImageNameSubstitutor (composite of 'ConfigurationFileImageNameSubstitutor' and 'PrefixingImageNameSubstitutor')
14:34:09.571 INFO  org.testcontainers.DockerClientFactory Testcontainers version: 1.20.6
14:34:09.803 INFO  org.testcontainers.dockerclient.DockerClientProviderStrategy Loaded org.testcontainers.dockerclient.NpipeSocketClientProviderStrategy from ~/.testcontainers.properties, will try it first
14:34:10.153 INFO  org.testcontainers.dockerclient.DockerClientProviderStrategy Found Docker environment with local Npipe socket (npipe:////./pipe/docker_engine)
14:34:10.155 INFO  org.testcontainers.DockerClientFactory Docker host IP address is localhost
14:34:10.179 INFO  org.testcontainers.DockerClientFactory Connected to docker: 
  Server Version: 28.0.4
  API Version: 1.48
  Operating System: Docker Desktop
  Total Memory: 15956 MB
  Labels: 
    com.docker.desktop.address=npipe://\\.\pipe\docker_cli
14:34:10.209 INFO  tc.testcontainers/ryuk:0.11.0 Creating container for image: testcontainers/ryuk:0.11.0
14:34:10.536 INFO  tc.testcontainers/ryuk:0.11.0 Container testcontainers/ryuk:0.11.0 is starting: 84f869da25178b0384db9059e1887523a54b0152979252cc26aee655c41e8ec6
14:34:10.956 INFO  tc.testcontainers/ryuk:0.11.0 Container testcontainers/ryuk:0.11.0 started in PT0.7466737S
14:34:10.966 INFO  org.testcontainers.utility.RyukResourceReaper Ryuk started - will monitor and terminate Testcontainers containers on JVM exit
14:34:10.967 INFO  org.testcontainers.DockerClientFactory Checking the system...
14:34:10.968 INFO  org.testcontainers.DockerClientFactory ✔︎ Docker server version should be at least 1.6.0
14:34:10.980 INFO  tc.quay.io/keycloak/keycloak:26.1 Creating container for image: quay.io/keycloak/keycloak:26.1
14:34:11.059 INFO  org.testcontainers.utility.RegistryAuthLocator Credential helper/store (docker-credential-desktop) does not have credentials for quay.io
14:34:11.331 INFO  tc.quay.io/keycloak/keycloak:26.1 Container quay.io/keycloak/keycloak:26.1 is starting: 95305b1b0b5cc007eec00f1ec13addf831961c36abd9a2b9ad51fa21e1de7e78
14:34:11.656 INFO  tc.quay.io/keycloak/keycloak:26.1 STDOUT: JAVA_OPTS_KC_HEAP already set in environment; overriding default settings
14:34:11.734 INFO  org.testcontainers.containers.wait.strategy.HttpWaitStrategy /sleepy_dubinsky: Waiting for 120 seconds for URL: http://localhost:59035/health/started (where port 59035 maps to container port 9000)
14:34:12.869 INFO  tc.quay.io/keycloak/keycloak:26.1 STDOUT: Updating the configuration and installing your custom providers, if any. Please wait.
14:34:16.560 INFO  tc.quay.io/keycloak/keycloak:26.1 STDOUT: 2025-05-07 12:34:15,153 WARN  [io.qua.config] (build-10) Unrecognized configuration key "quarkus.micrometer.enabled" was provided; it will be ignored; verify that the dependency extension for this configuration is set or that you did not make a typo
14:34:16.571 INFO  tc.quay.io/keycloak/keycloak:26.1 STDOUT: 2025-05-07 12:34:16,570 INFO  [io.qua.hib.orm.dep.HibernateOrmProcessor] (build-28) Persistence unit 'keycloak-default': Enforcing Quarkus defaults for dialect 'org.hibernate.dialect.H2Dialect' by automatically setting 'jakarta.persistence.database-product-version=2.3.230'.
14:34:16.576 INFO  tc.quay.io/keycloak/keycloak:26.1 STDOUT: 2025-05-07 12:34:16,574 INFO  [io.qua.hib.orm.dep.HibernateOrmProcessor] (build-28) A legacy persistence.xml file is present in the classpath. This file will be used to configure JPA/Hibernate ORM persistence units, and any configuration of the Hibernate ORM extension will be ignored. To ignore persistence.xml files instead, set the configuration property 'quarkus.hibernate-orm.persistence-xml.ignore' to 'true'.
14:34:34.169 INFO  tc.quay.io/keycloak/keycloak:26.1 STDOUT: 2025-05-07 12:34:34,168 INFO  [io.qua.dep.QuarkusAugmentor] (main) Quarkus augmentation completed in 20357ms
14:34:35.219 INFO  tc.quay.io/keycloak/keycloak:26.1 STDOUT: Running the server in development mode. DO NOT use this configuration in production.
14:34:38.361 INFO  tc.quay.io/keycloak/keycloak:26.1 STDOUT: 2025-05-07 12:34:38,359 INFO  [org.keycloak.quarkus.runtime.storage.infinispan.CacheManagerFactory] (ForkJoinPool.commonPool-worker-1) Starting Infinispan embedded cache manager
14:34:38.508 INFO  tc.quay.io/keycloak/keycloak:26.1 STDOUT: 2025-05-07 12:34:38,506 INFO  [org.infinispan.CONTAINER] (ForkJoinPool.commonPool-worker-1) Virtual threads support enabled
14:34:38.746 INFO  tc.quay.io/keycloak/keycloak:26.1 STDOUT: 2025-05-07 12:34:38,744 INFO  [org.infinispan.CONTAINER] (ForkJoinPool.commonPool-worker-1) ISPN000556: Starting user marshaller 'org.infinispan.commons.marshall.ImmutableProtoStreamMarshaller'
14:34:40.462 INFO  tc.quay.io/keycloak/keycloak:26.1 STDOUT: 2025-05-07 12:34:40,460 INFO  [org.keycloak.quarkus.runtime.storage.database.liquibase.QuarkusJpaUpdaterProvider] (main) Initializing database schema. Using changelog META-INF/jpa-changelog-master.xml
14:34:43.904 INFO  tc.quay.io/keycloak/keycloak:26.1 STDOUT: 2025-05-07 12:34:43,902 INFO  [org.keycloak.connections.infinispan.DefaultInfinispanConnectionProviderFactory] (main) Node name: node_597414, Site name: null
14:34:44.069 INFO  tc.quay.io/keycloak/keycloak:26.1 STDOUT: 2025-05-07 12:34:44,068 INFO  [org.keycloak.broker.provider.AbstractIdentityProviderMapper] (main) Registering class org.keycloak.broker.provider.mappersync.ConfigSyncEventListener
14:34:44.308 INFO  tc.quay.io/keycloak/keycloak:26.1 STDOUT: 2025-05-07 12:34:44,307 INFO  [org.keycloak.exportimport.dir.DirImportProvider] (main) Importing from directory /opt/keycloak/bin/../data/import
14:34:44.312 INFO  tc.quay.io/keycloak/keycloak:26.1 STDOUT: 2025-05-07 12:34:44,311 INFO  [org.keycloak.services] (main) KC-SERVICES0050: Initializing master realm
14:34:46.822 INFO  tc.quay.io/keycloak/keycloak:26.1 STDOUT: 2025-05-07 12:34:46,821 INFO  [org.keycloak.exportimport.singlefile.SingleFileImportProvider] (main) Full importing from file /opt/keycloak/bin/../data/import/realm-export.json
14:34:50.565 INFO  tc.quay.io/keycloak/keycloak:26.1 STDOUT: 2025-05-07 12:34:50,563 INFO  [org.keycloak.exportimport.util.ImportUtils] (main) Realm 'demo' imported
14:34:50.565 INFO  tc.quay.io/keycloak/keycloak:26.1 STDOUT: 2025-05-07 12:34:50,564 INFO  [org.keycloak.services] (main) KC-SERVICES0030: Full model import requested. Strategy: IGNORE_EXISTING
14:34:50.566 INFO  tc.quay.io/keycloak/keycloak:26.1 STDOUT: 2025-05-07 12:34:50,564 INFO  [org.keycloak.services] (main) KC-SERVICES0032: Import finished successfully
14:34:50.681 INFO  tc.quay.io/keycloak/keycloak:26.1 STDOUT: 2025-05-07 12:34:50,679 INFO  [org.keycloak.services] (main) KC-SERVICES0077: Created temporary admin user with username admin
14:34:50.885 INFO  tc.quay.io/keycloak/keycloak:26.1 STDOUT: 2025-05-07 12:34:50,883 INFO  [io.quarkus] (main) Keycloak 26.1.5 on JVM (powered by Quarkus 3.15.4) started in 16.579s. Listening on: http://0.0.0.0:8080. Management interface listening on http://0.0.0.0:9000.
14:34:50.885 INFO  tc.quay.io/keycloak/keycloak:26.1 STDOUT: 2025-05-07 12:34:50,884 INFO  [io.quarkus] (main) Profile dev activated. 
14:34:50.885 INFO  tc.quay.io/keycloak/keycloak:26.1 STDOUT: 2025-05-07 12:34:50,884 INFO  [io.quarkus] (main) Installed features: [agroal, cdi, hibernate-orm, jdbc-h2, keycloak, narayana-jta, opentelemetry, reactive-routes, rest, rest-jackson, smallrye-context-propagation, smallrye-health, vertx]
14:34:51.025 INFO  tc.quay.io/keycloak/keycloak:26.1 Container quay.io/keycloak/keycloak:26.1 started in PT40.0439087S
&amp#27;[96m████████████████████████████████████████████████████████████████████████████████
&amp#27;[96m██████████████████████████████████████████████████████████████████████▌&amp#27;[39mGATEWAY&amp#27;[96m▐█
&amp#27;[96m████████████████████████████████████████████████████████████████████████████████&amp#27;[39m
14:34:51.592 INFO  org.hibernate.validator.internal.util.Version HV000001: Hibernate Validator 8.0.2.Final
14:34:51.685 INFO  kp.gateway.GatewayTests Starting GatewayTests using Java 24 with PID 15912 (started by KP in C:\1_workspace\Study23\gateway)
14:34:51.686 INFO  kp.gateway.GatewayTests The following 1 profile is active: "local"
14:34:52.633 INFO  org.springframework.cloud.context.scope.GenericScope BeanFactory id=c84c1044-9e2d-3c00-960a-8090233d88a6
14:34:54.132 INFO  org.springframework.cloud.gateway.route.RouteDefinitionRouteLocator Loaded RoutePredicateFactory [After]
14:34:54.132 INFO  org.springframework.cloud.gateway.route.RouteDefinitionRouteLocator Loaded RoutePredicateFactory [Before]
14:34:54.132 INFO  org.springframework.cloud.gateway.route.RouteDefinitionRouteLocator Loaded RoutePredicateFactory [Between]
14:34:54.132 INFO  org.springframework.cloud.gateway.route.RouteDefinitionRouteLocator Loaded RoutePredicateFactory [Cookie]
14:34:54.132 INFO  org.springframework.cloud.gateway.route.RouteDefinitionRouteLocator Loaded RoutePredicateFactory [Header]
14:34:54.132 INFO  org.springframework.cloud.gateway.route.RouteDefinitionRouteLocator Loaded RoutePredicateFactory [Host]
14:34:54.132 INFO  org.springframework.cloud.gateway.route.RouteDefinitionRouteLocator Loaded RoutePredicateFactory [Method]
14:34:54.132 INFO  org.springframework.cloud.gateway.route.RouteDefinitionRouteLocator Loaded RoutePredicateFactory [Path]
14:34:54.132 INFO  org.springframework.cloud.gateway.route.RouteDefinitionRouteLocator Loaded RoutePredicateFactory [Query]
14:34:54.132 INFO  org.springframework.cloud.gateway.route.RouteDefinitionRouteLocator Loaded RoutePredicateFactory [ReadBody]
14:34:54.132 INFO  org.springframework.cloud.gateway.route.RouteDefinitionRouteLocator Loaded RoutePredicateFactory [RemoteAddr]
14:34:54.133 INFO  org.springframework.cloud.gateway.route.RouteDefinitionRouteLocator Loaded RoutePredicateFactory [XForwardedRemoteAddr]
14:34:54.133 INFO  org.springframework.cloud.gateway.route.RouteDefinitionRouteLocator Loaded RoutePredicateFactory [Weight]
14:34:54.133 INFO  org.springframework.cloud.gateway.route.RouteDefinitionRouteLocator Loaded RoutePredicateFactory [CloudFoundryRouteService]
14:34:54.576 INFO  org.springframework.boot.web.embedded.netty.NettyWebServer Netty started on port 9091 (http)
14:34:54.657 INFO  kp.gateway.GatewayTests Started GatewayTests in 3.419 seconds (process running for 46.577)
14:34:55.712 INFO  kp.gateway.GatewayTests shouldRedirectToLoginPage():
]]></system-out>
    <system-err><![CDATA[Mockito is currently self-attaching to enable the inline-mock-maker. This will no longer work in future releases of the JDK. Please add Mockito as an agent to your build what is described in Mockito's documentation: https://javadoc.io/doc/org.mockito/mockito-core/latest/org/mockito/Mockito.html#0.3
WARNING: A Java agent has been loaded dynamically (D:\MavenRepository\net\bytebuddy\byte-buddy-agent\1.15.11\byte-buddy-agent-1.15.11.jar)
WARNING: If a serviceability tool is in use, please run with -XX:+EnableDynamicAgentLoading to hide this warning
WARNING: If a serviceability tool is not in use, please run with -Djdk.instrument.traceUsage for more information
WARNING: Dynamic loading of agents will be disallowed by default in a future release
]]></system-err>
  </testcase>
  <testcase name="shouldObtainAccessToken" classname="kp.gateway.GatewayTests" time="0.57">
    <system-out><![CDATA[14:34:56.297 INFO  kp.gateway.GatewayTests shouldObtainAccessToken():
]]></system-out>
  </testcase>
  <testcase name="shouldReturnAccessToken" classname="kp.gateway.GatewayTests" time="0.158">
    <system-out><![CDATA[14:34:56.458 INFO  kp.gateway.GatewayTests shouldReturnAccessToken():
]]></system-out>
  </testcase>
</testsuite>